= Host-specific information ====================================================
$> hostname; uname -msr
e1z1r6p38.42.us.org
Darwin 17.5.0 x86_64
$> date
Sun Sep  1 11:27:22 PDT 2019
$> gcc --version
Configured with: --prefix=/Library/Developer/CommandLineTools/usr --with-gxx-include-dir=/usr/include/c++/4.2.1
Apple LLVM version 9.1.0 (clang-902.0.39.1)
Target: x86_64-apple-darwin17.5.0
Thread model: posix
InstalledDir: /Library/Developer/CommandLineTools/usr/bin
$> clang --version
Apple LLVM version 9.1.0 (clang-902.0.39.1)
Target: x86_64-apple-darwin17.5.0
Thread model: posix
InstalledDir: /Library/Developer/CommandLineTools/usr/bin

= User files collection ========================================================
Collecting user files from Vogsphere
Repository URL: auto-exam/2019/c-exam-alone-in-the-dark-intermediate/practice-exam_20190901/evjohnst2

= Git history ==================================================================
$> git -C /var/folders/bf/wt336rm12j1c30n9jy9d_ksc0000gp/T/tmpm5DaN0/user log --pretty='%H - %an, %ad : %s'
6f4abcec686c72d46955f696b09563d8c8f620ec - Evan Johnston, Sun Sep 1 11:25:36 2019 -0700 : .
bee962faa4e99eb0796f08951baee1a1ed602894 - Evan Johnston, Sun Sep 1 11:25:34 2019 -0700 : .
5596d4a9d1e0df921278d77ed4498a139ef0cd71 - Evan Johnston, Sun Sep 1 11:25:18 2019 -0700 : .
 
= Collected files ==========================================
$> ls -lAR /var/folders/bf/wt336rm12j1c30n9jy9d_ksc0000gp/T/tmpm5DaN0/user
total 8
-rw-r--r--  1 deepthought  deepthought  719 Sep  1 11:27 __GIT_HISTORY
drwxr-xr-x  3 deepthought  deepthought  102 Sep  1 11:27 is_anagram
drwxr-xr-x  3 deepthought  deepthought  102 Sep  1 11:27 stack

/var/folders/bf/wt336rm12j1c30n9jy9d_ksc0000gp/T/tmpm5DaN0/user/is_anagram:
total 8
-rw-r--r--  1 deepthought  deepthought  777 Sep  1 11:27 is_anagram.c

/var/folders/bf/wt336rm12j1c30n9jy9d_ksc0000gp/T/tmpm5DaN0/user/stack:
total 8
-rw-r--r--  1 deepthought  deepthought  1791 Sep  1 11:27 stack.c
 
= stack ========================================================================
$> gcc -Wextra -Wall -Werror main.c stack.c -o user_exe 

= Test 1 ===================================================
$> ./3nx94kpojidxyotdekpkh17x NULL
$> diff -U 3 user_output_test1 test1.output | cat -e

Diff OK :D
= Test 2 ===================================================
$> ./cbbj58mkmfjj1045eav6is8c 1 2 3 4 5
$> diff -U 3 user_output_test2 test2.output | cat -e

Diff OK :D
= Test 3 ===================================================
$> ./f838idv7h8kdsbn1gibgck7v We wants it, we needs it. Must have the precious. They stole it from us. Sneaky little hobbitses. Wicked, tricksy, false!
$> diff -U 3 user_output_test3 test3.output | cat -e

Diff OK :D
= Test 4 ===================================================
$> ./o8kogosxesftro54at0eugym 42
$> diff -U 3 user_output_test4 test4.output | cat -e

Diff OK :D
= Test 5 ===================================================
$> ./3n1uexfz4url3lbnuqy141nx I have a bad feeling about this
$> diff -U 3 user_output_test5 test5.output | cat -e

Diff OK :D
Grade: 1

= Final grade: 1 ===============================================================
