= Host-specific information ====================================================
$> hostname; uname -msr
e1z2r9p46.42.us.org
Darwin 17.7.0 x86_64
$> date
Sun Sep  1 11:18:55 PDT 2019
$> gcc --version
Configured with: --prefix=/Library/Developer/CommandLineTools/usr --with-gxx-include-dir=/usr/include/c++/4.2.1
Apple LLVM version 10.0.0 (clang-1000.10.44.4)
Target: x86_64-apple-darwin17.7.0
Thread model: posix
InstalledDir: /Library/Developer/CommandLineTools/usr/bin
$> clang --version
Apple LLVM version 10.0.0 (clang-1000.10.44.4)
Target: x86_64-apple-darwin17.7.0
Thread model: posix
InstalledDir: /Library/Developer/CommandLineTools/usr/bin

= User files collection ========================================================
Collecting user files from Vogsphere
Repository URL: auto-exam/2019/c-exam-alone-in-the-dark-intermediate/practice-exam_20190901/evjohnst

= Git history ==================================================================
$> git -C /var/folders/f5/dw95wkc551gd07ttwtc6n2qc0000gp/T/tmpJrgx_R/user log --pretty='%H - %an, %ad : %s'
22126e1cb35e754d553367898b9c95cf7b39e0b6 - Evan Johnston, Sun Sep 1 11:17:05 2019 -0700 : .
eb9f748c4ee1e546ca014711fd03b57aac450a4e - Evan Johnston, Sun Sep 1 11:17:03 2019 -0700 : .
b63fee006d2faf7fe1b73dd9e6f58fdb8fc72eb3 - Evan Johnston, Sun Sep 1 11:15:09 2019 -0700 : .
0d8d9e0acbaa3e6aca9baac7b474809d7de4a4db - Evan Johnston, Sun Sep 1 11:15:07 2019 -0700 : .
bea81fc0d95826ac4264d03b146415b7d7a2068d - Evan Johnston, Sun Sep 1 11:14:49 2019 -0700 : .
 
= Collected files ==========================================
$> ls -lAR /var/folders/f5/dw95wkc551gd07ttwtc6n2qc0000gp/T/tmpJrgx_R/user
total 8
-rw-r--r--  1 deepthought  deepthought  1217 Sep  1 11:18 __GIT_HISTORY
drwxr-xr-x  3 deepthought  deepthought   102 Sep  1 11:18 count_of_2
drwxr-xr-x  4 deepthought  deepthought   136 Sep  1 11:18 flood_fill
drwxr-xr-x  3 deepthought  deepthought   102 Sep  1 11:18 longest_sequence

/var/folders/f5/dw95wkc551gd07ttwtc6n2qc0000gp/T/tmpJrgx_R/user/count_of_2:
total 8
-rw-r--r--  1 deepthought  deepthought  397 Sep  1 11:18 count_of_2.c

/var/folders/f5/dw95wkc551gd07ttwtc6n2qc0000gp/T/tmpJrgx_R/user/flood_fill:
total 16
-rw-r--r--  1 deepthought  deepthought  713 Sep  1 11:18 flood_fill.c
-rw-r--r--  1 deepthought  deepthought  184 Sep  1 11:18 flood_fill.t_point.h

/var/folders/f5/dw95wkc551gd07ttwtc6n2qc0000gp/T/tmpJrgx_R/user/longest_sequence:
total 16
-rw-r--r--  1 deepthought  deepthought  6140 Sep  1 11:18 longest_sequence.c
 
= longest_sequence =============================================================
$> gcc -Wextra -Wall -Werror main.c longest_sequence.c -o user_exe 

= Test 1 ===================================================
$> ./iiy4mov23eeckdi57h8r60hk 657782 8
$> diff -U 3 user_output_test1 test1.output | cat -e

Diff OK :D
= Test 2 ===================================================
$> ./y8w0qr1tupurwncxu6vf66le 1244557 13
$> diff -U 3 user_output_test2 test2.output | cat -e

Diff OK :D
= Test 3 ===================================================
$> ./eh5l2nsb6v11yqep9bl9tro8 100 3
$> diff -U 3 user_output_test3 test3.output | cat -e

Diff OK :D
Grade: 1

= Final grade: 1 ===============================================================
