= Host-specific information ====================================================
$> hostname; uname -msr
e1z1r5p31.42.us.org
Darwin 17.5.0 x86_64
$> date
Sun Sep  1 11:45:57 PDT 2019
$> gcc --version
Configured with: --prefix=/Library/Developer/CommandLineTools/usr --with-gxx-include-dir=/usr/include/c++/4.2.1
Apple LLVM version 9.1.0 (clang-902.0.39.1)
Target: x86_64-apple-darwin17.5.0
Thread model: posix
InstalledDir: /Library/Developer/CommandLineTools/usr/bin
$> clang --version
Apple LLVM version 9.1.0 (clang-902.0.39.1)
Target: x86_64-apple-darwin17.5.0
Thread model: posix
InstalledDir: /Library/Developer/CommandLineTools/usr/bin

= User files collection ========================================================
Collecting user files from Vogsphere
Repository URL: auto-exam/2019/c-exam-alone-in-the-dark-intermediate/practice-exam_20190901/evjohnst3

= Git history ==================================================================
$> git -C /var/folders/ww/vvw_tk214n1b8_v4xbmtzh1m0000gp/T/tmpMB09B3/user log --pretty='%H - %an, %ad : %s'
5bdda5e0db3a85e946005c56dd37ac9fb025c776 - Evan Johnston, Sun Sep 1 11:44:17 2019 -0700 : .
82191bf4a61ab14547f427fe7fa7230b8f241f67 - Evan Johnston, Sun Sep 1 11:44:16 2019 -0700 : .
99f8d25118ab99f936764a6df26386a84976deb0 - Evan Johnston, Sun Sep 1 11:42:04 2019 -0700 : .
c4a32db9e4908870eb2d3376349788287000e720 - Evan Johnston, Sun Sep 1 11:40:01 2019 -0700 : .
2a57f305eb0647711797f4d6b36038cfe2b5a05a - Evan Johnston, Sun Sep 1 11:38:02 2019 -0700 : .
 
= Collected files ==========================================
$> ls -lAR /var/folders/ww/vvw_tk214n1b8_v4xbmtzh1m0000gp/T/tmpMB09B3/user
total 8
-rw-r--r--  1 deepthought  deepthought  1177 Sep  1 11:45 __GIT_HISTORY
drwxr-xr-x  3 deepthought  deepthought   102 Sep  1 11:45 equation
drwxr-xr-x  3 deepthought  deepthought   102 Sep  1 11:45 height_tree
drwxr-xr-x  3 deepthought  deepthought   102 Sep  1 11:45 is_looping

/var/folders/ww/vvw_tk214n1b8_v4xbmtzh1m0000gp/T/tmpMB09B3/user/equation:
total 8
-rw-r--r--  1 deepthought  deepthought  481 Sep  1 11:45 equation.c

/var/folders/ww/vvw_tk214n1b8_v4xbmtzh1m0000gp/T/tmpMB09B3/user/height_tree:
total 8
-rw-r--r--  1 deepthought  deepthought  1851 Sep  1 11:45 height_tree.c

/var/folders/ww/vvw_tk214n1b8_v4xbmtzh1m0000gp/T/tmpMB09B3/user/is_looping:
total 8
-rw-r--r--  1 deepthought  deepthought  1821 Sep  1 11:45 is_looping.c
 
= is_looping ===================================================================
$> gcc -Wextra -Wall -Werror main.c is_looping.c -o user_exe 

= Test 1 ===================================================
$> ./ippcig8jz7gdwaed4nr9cs1a 0 100 42
$> diff -U 3 user_output_test1 test1.output | cat -e

Diff OK :D
= Test 2 ===================================================
$> ./72slu7bujbzme0l0paiqgo5z 1 100 42
$> diff -U 3 user_output_test2 test2.output | cat -e

Diff OK :D
= Test 3 ===================================================
$> ./1kj2uyadsb2uqm4jw0ntqsjf 1 100000 5
$> diff -U 3 user_output_test3 test3.output | cat -e

Diff OK :D
= Test 4 ===================================================
$> ./l2ttpbpjbk1ngtrcy1u8689o 0 100000 5
$> diff -U 3 user_output_test4 test4.output | cat -e

Diff OK :D
= Test 5 ===================================================
$> ./bcbdb7yyyv11xi87lgfzbsm6 1 500000 1
$> diff -U 3 user_output_test5 test5.output | cat -e

Diff OK :D
Grade: 1

= Final grade: 1 ===============================================================
