= Host-specific information ====================================================
$> hostname; uname -msr
e1z1r6p17.42.us.org
Darwin 17.5.0 x86_64
$> date
Sun Sep  1 11:25:01 PDT 2019
$> gcc --version
Configured with: --prefix=/Library/Developer/CommandLineTools/usr --with-gxx-include-dir=/usr/include/c++/4.2.1
Apple LLVM version 9.1.0 (clang-902.0.39.1)
Target: x86_64-apple-darwin17.5.0
Thread model: posix
InstalledDir: /Library/Developer/CommandLineTools/usr/bin
$> clang --version
Apple LLVM version 9.1.0 (clang-902.0.39.1)
Target: x86_64-apple-darwin17.5.0
Thread model: posix
InstalledDir: /Library/Developer/CommandLineTools/usr/bin

= User files collection ========================================================
Collecting user files from Vogsphere
Repository URL: auto-exam/2019/c-exam-alone-in-the-dark-intermediate/practice-exam_20190901/evjohnst

= Git history ==================================================================
$> git -C /var/folders/8s/911v0_157nzc8jpp7ns264wh0000gp/T/tmpH7wtMz/user log --pretty='%H - %an, %ad : %s'
849cf940f565451569c8c2d74a1f6386641f4f56 - Evan Johnston, Sun Sep 1 11:23:11 2019 -0700 : .
77f6587c30530a1773c977a56adaa8e2c1d31352 - Evan Johnston, Sun Sep 1 11:23:10 2019 -0700 : .
f475df14079f57ae5eeb622eea2852ad4bef227e - Evan Johnston, Sun Sep 1 11:21:09 2019 -0700 : .
1f96c45755509aa2584c4244336d9cfd6c1b3ad8 - Evan Johnston, Sun Sep 1 11:21:07 2019 -0700 : .
7f21a30d781f38b6d1a8b1d7baa026c7515f885c - Evan Johnston, Sun Sep 1 11:19:08 2019 -0700 : .
aaa71daf8707ce730e7fd95b29639f701d904fdd - Evan Johnston, Sun Sep 1 11:19:05 2019 -0700 : .
22126e1cb35e754d553367898b9c95cf7b39e0b6 - Evan Johnston, Sun Sep 1 11:17:05 2019 -0700 : .
eb9f748c4ee1e546ca014711fd03b57aac450a4e - Evan Johnston, Sun Sep 1 11:17:03 2019 -0700 : .
b63fee006d2faf7fe1b73dd9e6f58fdb8fc72eb3 - Evan Johnston, Sun Sep 1 11:15:09 2019 -0700 : .
0d8d9e0acbaa3e6aca9baac7b474809d7de4a4db - Evan Johnston, Sun Sep 1 11:15:07 2019 -0700 : .
bea81fc0d95826ac4264d03b146415b7d7a2068d - Evan Johnston, Sun Sep 1 11:14:49 2019 -0700 : .
 
= Collected files ==========================================
$> ls -lAR /var/folders/8s/911v0_157nzc8jpp7ns264wh0000gp/T/tmpH7wtMz/user
total 8
-rw-r--r--  1 deepthought  deepthought  2663 Sep  1 11:25 __GIT_HISTORY
drwxr-xr-x  3 deepthought  deepthought   102 Sep  1 11:25 convert_bst
drwxr-xr-x  3 deepthought  deepthought   102 Sep  1 11:25 count_of_2
drwxr-xr-x  4 deepthought  deepthought   136 Sep  1 11:25 flood_fill
drwxr-xr-x  3 deepthought  deepthought   102 Sep  1 11:25 infin_mult
drwxr-xr-x  3 deepthought  deepthought   102 Sep  1 11:25 longest_sequence
drwxr-xr-x  3 deepthought  deepthought   102 Sep  1 11:25 volume_histogram

/var/folders/8s/911v0_157nzc8jpp7ns264wh0000gp/T/tmpH7wtMz/user/convert_bst:
total 8
-rw-r--r--  1 deepthought  deepthought  1646 Sep  1 11:25 convert_bst.c

/var/folders/8s/911v0_157nzc8jpp7ns264wh0000gp/T/tmpH7wtMz/user/count_of_2:
total 8
-rw-r--r--  1 deepthought  deepthought  397 Sep  1 11:25 count_of_2.c

/var/folders/8s/911v0_157nzc8jpp7ns264wh0000gp/T/tmpH7wtMz/user/flood_fill:
total 16
-rw-r--r--  1 deepthought  deepthought  713 Sep  1 11:25 flood_fill.c
-rw-r--r--  1 deepthought  deepthought  184 Sep  1 11:25 flood_fill.t_point.h

/var/folders/8s/911v0_157nzc8jpp7ns264wh0000gp/T/tmpH7wtMz/user/infin_mult:
total 8
-rw-r--r--  1 deepthought  deepthought  1722 Sep  1 11:25 infin_mult.c

/var/folders/8s/911v0_157nzc8jpp7ns264wh0000gp/T/tmpH7wtMz/user/longest_sequence:
total 16
-rw-r--r--  1 deepthought  deepthought  6140 Sep  1 11:25 longest_sequence.c

/var/folders/8s/911v0_157nzc8jpp7ns264wh0000gp/T/tmpH7wtMz/user/volume_histogram:
total 8
-rw-r--r--  1 deepthought  deepthought  1243 Sep  1 11:25 volume_histogram.c
 
= infin_mult ===================================================================
$> gcc -Wextra -Wall -Werror infin_mult.c -o user_exe 

= Test 1 ===================================================
$> ./er4i6hy4r28ain3tlkxe1wwk "0" "0"
$> diff -U 3 user_output_test1 test1.output | cat -e

Diff OK :D
= Test 2 ===================================================
$> ./w4d4bv98zix559xpyvk7metk "1" "0"
$> diff -U 3 user_output_test2 test2.output | cat -e

Diff OK :D
= Test 3 ===================================================
$> ./di3dsbdj65q4bul21ni7v006 "0" "-2"
$> diff -U 3 user_output_test3 test3.output | cat -e

Diff OK :D
= Test 4 ===================================================
$> ./ham45uknhlv21182ezo1e2bs "21" "42"
$> diff -U 3 user_output_test4 test4.output | cat -e

Diff OK :D
= Test 5 ===================================================
$> ./xz0esuwqxxadol7ulut5ajv0 "4894398524132130" "5906754239"
$> diff -U 3 user_output_test5 test5.output | cat -e

Diff OK :D
= Test 6 ===================================================
$> ./g8s0y354gp08dm2uoifpxtd4 "-449540951245" "1320806146"
$> diff -U 3 user_output_test6 test6.output | cat -e

Diff OK :D
= Test 7 ===================================================
$> ./tuk35nik2rp2egxki5nk1zdk "-395450348096354305805" "-653092"
$> diff -U 3 user_output_test7 test7.output | cat -e

Diff OK :D
Grade: 1

= Final grade: 1 ===============================================================
