= Host-specific information ====================================================
$> hostname; uname -msr
e1z3r1p18.42.us.org
Darwin 17.4.0 x86_64
$> date
Sun Sep  1 13:17:04 PDT 2019
$> gcc --version
Configured with: --prefix=/Library/Developer/CommandLineTools/usr --with-gxx-include-dir=/usr/include/c++/4.2.1
Apple LLVM version 9.1.0 (clang-902.0.39.1)
Target: x86_64-apple-darwin17.4.0
Thread model: posix
InstalledDir: /Library/Developer/CommandLineTools/usr/bin
$> clang --version
Apple LLVM version 9.1.0 (clang-902.0.39.1)
Target: x86_64-apple-darwin17.4.0
Thread model: posix
InstalledDir: /Library/Developer/CommandLineTools/usr/bin

= User files collection ========================================================
Collecting user files from Vogsphere
Repository URL: auto-exam/2019/c-exam-alone-in-the-dark-intermediate/practice-exam_20190901/evjohnst6

= Git history ==================================================================
$> git -C /var/folders/j9/x6ff_3610znb4vvpdr75y9jr0000gp/T/tmpiIIZfd/user log --pretty='%H - %an, %ad : %s'
d98613ee59e003aa8c8700ec877b9944a379db56 - Evan Johnston, Sun Sep 1 13:17:03 2019 -0700 : .
 
= Collected files ==========================================
$> ls -lAR /var/folders/j9/x6ff_3610znb4vvpdr75y9jr0000gp/T/tmpiIIZfd/user
total 8
-rw-r--r--  1 deepthought  deepthought  253 Sep  1 13:17 __GIT_HISTORY
drwxr-xr-x  3 deepthought  deepthought  102 Sep  1 13:17 find_pivot

/var/folders/j9/x6ff_3610znb4vvpdr75y9jr0000gp/T/tmpiIIZfd/user/find_pivot:
total 8
-rw-r--r--  1 deepthought  deepthought  1582 Sep  1 13:17 find_pivot.c
 
= find_pivot ===================================================================
$> gcc -Wextra -Wall -Werror find_pivot.c main.c -o user_exe 

= Test 1 ===================================================
$> ./z15epicjj1pufm3s0f1fbrfp test_00.txt
$> diff -U 3 user_output_test1 test1.output | cat -e

Diff OK :D
= Test 2 ===================================================
$> ./f1a0a8vbtmzu4jryw9erkq56 test_01.txt
$> diff -U 3 user_output_test2 test2.output | cat -e

Diff OK :D
= Test 3 ===================================================
$> ./mh85f251yyohfknmmpfaesvb test_02.txt
$> diff -U 3 user_output_test3 test3.output | cat -e

Diff OK :D
= Test 4 ===================================================
$> ./egbkr0un8m045rovwqyyzees test_03.txt
$> diff -U 3 user_output_test4 test4.output | cat -e

Diff OK :D
= Test 5 ===================================================
$> ./2d6vnddfbstnfmklk9mlzwjw test_04.txt
$> diff -U 3 user_output_test5 test5.output | cat -e

Diff OK :D
= Test 6 ===================================================
$> ./cs32o4r5obs8w18th3ke246u test_05.txt
$> diff -U 3 user_output_test6 test6.output | cat -e

Diff OK :D
= Test 7 ===================================================
$> ./u0z7qqdis95p2c1blut5jvp7 test_06.txt
$> diff -U 3 user_output_test7 test7.output | cat -e

Diff OK :D
= Test 8 ===================================================
$> ./4hyraqb26n4ur4warhnz7kqu test_07.txt
$> diff -U 3 user_output_test8 test8.output | cat -e

Diff OK :D
= Test 9 ===================================================
$> ./k1jbs7w3vbnunr259lmjio9m test_08.txt
$> diff -U 3 user_output_test9 test9.output | cat -e

Diff OK :D
Grade: 1

= Final grade: 1 ===============================================================
