= Host-specific information ====================================================
$> hostname; uname -msr
e1z2r12p2.42.us.org
Darwin 17.7.0 x86_64
$> date
Sun Sep  1 11:14:51 PDT 2019
$> gcc --version
Configured with: --prefix=/Library/Developer/CommandLineTools/usr --with-gxx-include-dir=/usr/include/c++/4.2.1
Apple LLVM version 9.0.0 (clang-900.0.39.2)
Target: x86_64-apple-darwin17.7.0
Thread model: posix
InstalledDir: /Library/Developer/CommandLineTools/usr/bin
$> clang --version
Apple LLVM version 9.0.0 (clang-900.0.39.2)
Target: x86_64-apple-darwin17.7.0
Thread model: posix
InstalledDir: /Library/Developer/CommandLineTools/usr/bin

= User files collection ========================================================
Collecting user files from Vogsphere
Repository URL: auto-exam/2019/c-exam-alone-in-the-dark-intermediate/practice-exam_20190901/evjohnst

= Git history ==================================================================
$> git -C /var/folders/0y/5p95x7cd3vb2gty2by7vtc1c0000gp/T/tmp6LYzHU/user log --pretty='%H - %an, %ad : %s'
bea81fc0d95826ac4264d03b146415b7d7a2068d - Evan Johnston, Sun Sep 1 11:14:49 2019 -0700 : .
 
= Collected files ==========================================
$> ls -lAR /var/folders/0y/5p95x7cd3vb2gty2by7vtc1c0000gp/T/tmp6LYzHU/user
total 8
-rw-r--r--  1 deepthought  deepthought  234 Sep  1 11:14 __GIT_HISTORY
drwxr-xr-x  3 deepthought  deepthought  102 Sep  1 11:14 count_of_2

/var/folders/0y/5p95x7cd3vb2gty2by7vtc1c0000gp/T/tmp6LYzHU/user/count_of_2:
total 8
-rw-r--r--  1 deepthought  deepthought  397 Sep  1 11:14 count_of_2.c
 
= count_of_2 ===================================================================
$> gcc -Wextra -Wall -Werror main.c count_of_2.c -o user_exe 

= Test 1 ===================================================
$> ./gohcb2t8sffw0oq8u7gbu9ze -1
$> diff -U 3 user_output_test1 test1.output | cat -e

Diff OK :D
= Test 2 ===================================================
$> ./xapv9fs5xxhiv4gqfeavt954 0
$> diff -U 3 user_output_test2 test2.output | cat -e

Diff OK :D
= Test 3 ===================================================
$> ./w9mrl1ygkjiiyzgbip4b4fgo 1
$> diff -U 3 user_output_test3 test3.output | cat -e

Diff OK :D
= Test 4 ===================================================
$> ./7d9x93wzudqf6ytruc237q9l 13
$> diff -U 3 user_output_test4 test4.output | cat -e

Diff OK :D
= Test 5 ===================================================
$> ./rq0v0dvehkl5xgdeshvk713b 3
$> diff -U 3 user_output_test5 test5.output | cat -e

Diff OK :D
= Test 6 ===================================================
$> ./oidn990v8anz9ere8vfu4i94 25
$> diff -U 3 user_output_test6 test6.output | cat -e

Diff OK :D
= Test 7 ===================================================
$> ./0pmfnx3qwkwirfcehrhplrtu 300
$> diff -U 3 user_output_test7 test7.output | cat -e

Diff OK :D
= Test 8 ===================================================
$> ./yji837y6cwsgq9yupnwlv3ka 1000
$> diff -U 3 user_output_test8 test8.output | cat -e

Diff OK :D
= Test 9 ===================================================
$> ./bmb96pvyhxjww3jpgv79rv01 424242
$> diff -U 3 user_output_test9 test9.output | cat -e

Diff OK :D
Grade: 1

= Final grade: 1 ===============================================================
