= Host-specific information ====================================================
$> hostname; uname -msr
e1z2r6p8.42.us.org
Darwin 17.7.0 x86_64
$> date
Sun Sep  1 11:52:04 PDT 2019
$> gcc --version
Configured with: --prefix=/Library/Developer/CommandLineTools/usr --with-gxx-include-dir=/usr/include/c++/4.2.1
Apple LLVM version 9.0.0 (clang-900.0.39.2)
Target: x86_64-apple-darwin17.7.0
Thread model: posix
InstalledDir: /Library/Developer/CommandLineTools/usr/bin
$> clang --version
Apple LLVM version 9.0.0 (clang-900.0.39.2)
Target: x86_64-apple-darwin17.7.0
Thread model: posix
InstalledDir: /Library/Developer/CommandLineTools/usr/bin

= User files collection ========================================================
Collecting user files from Vogsphere
Repository URL: auto-exam/2019/c-exam-alone-in-the-dark-intermediate/practice-exam_20190901/evjohnst3

= Git history ==================================================================
$> git -C /var/folders/78/byqg40kn27qbfn9xtmhr0_rc0000gp/T/tmprGx0Qn/user log --pretty='%H - %an, %ad : %s'
a3e1102ce818d77438622bba8d81476594353b9b - Evan Johnston, Sun Sep 1 11:50:15 2019 -0700 : .
a195da621922dff6336cebac18e5376b3d9de27e - Evan Johnston, Sun Sep 1 11:46:08 2019 -0700 : .
5bdda5e0db3a85e946005c56dd37ac9fb025c776 - Evan Johnston, Sun Sep 1 11:44:17 2019 -0700 : .
82191bf4a61ab14547f427fe7fa7230b8f241f67 - Evan Johnston, Sun Sep 1 11:44:16 2019 -0700 : .
99f8d25118ab99f936764a6df26386a84976deb0 - Evan Johnston, Sun Sep 1 11:42:04 2019 -0700 : .
c4a32db9e4908870eb2d3376349788287000e720 - Evan Johnston, Sun Sep 1 11:40:01 2019 -0700 : .
2a57f305eb0647711797f4d6b36038cfe2b5a05a - Evan Johnston, Sun Sep 1 11:38:02 2019 -0700 : .
 
= Collected files ==========================================
$> ls -lAR /var/folders/78/byqg40kn27qbfn9xtmhr0_rc0000gp/T/tmprGx0Qn/user
total 8
-rw-r--r--  1 deepthought  deepthought  1650 Sep  1 11:52 __GIT_HISTORY
drwxr-xr-x  3 deepthought  deepthought   102 Sep  1 11:52 equation
drwxr-xr-x  3 deepthought  deepthought   102 Sep  1 11:52 height_tree
drwxr-xr-x  3 deepthought  deepthought   102 Sep  1 11:52 is_looping
drwxr-xr-x  3 deepthought  deepthought   102 Sep  1 11:52 width_tree

/var/folders/78/byqg40kn27qbfn9xtmhr0_rc0000gp/T/tmprGx0Qn/user/equation:
total 8
-rw-r--r--  1 deepthought  deepthought  481 Sep  1 11:52 equation.c

/var/folders/78/byqg40kn27qbfn9xtmhr0_rc0000gp/T/tmprGx0Qn/user/height_tree:
total 8
-rw-r--r--  1 deepthought  deepthought  1851 Sep  1 11:52 height_tree.c

/var/folders/78/byqg40kn27qbfn9xtmhr0_rc0000gp/T/tmprGx0Qn/user/is_looping:
total 8
-rw-r--r--  1 deepthought  deepthought  1821 Sep  1 11:52 is_looping.c

/var/folders/78/byqg40kn27qbfn9xtmhr0_rc0000gp/T/tmprGx0Qn/user/width_tree:
total 8
-rw-r--r--  1 deepthought  deepthought  1484 Sep  1 11:52 width_tree.c
 
= width_tree ===================================================================
$> gcc -Wextra -Wall -Werror width_tree.c main.c -o user_exe 

= Test 1 ===================================================
$> ./l80nc9c59cskkk5xws5pnn9x 1
$> diff -U 3 user_output_test1 test1.output | cat -e

Diff OK :D
= Test 2 ===================================================
$> ./0voyaggyl8kkh1rs4acou28x 2
$> diff -U 3 user_output_test2 test2.output | cat -e

Diff OK :D
= Test 3 ===================================================
$> ./z145sxgmkaatzqsezaibaw8r 3
$> diff -U 3 user_output_test3 test3.output | cat -e

Diff OK :D
= Test 4 ===================================================
$> ./li6xj59zoupvepp7ggzw6wdv 4
$> diff -U 3 user_output_test4 test4.output | cat -e

Diff OK :D
= Test 5 ===================================================
$> ./8y9xpjxyybcvpgp5dyx5k3j7 0 2 3
$> diff -U 3 user_output_test5 test5.output | cat -e

Diff OK :D
Grade: 1

= Final grade: 1 ===============================================================
