= Host-specific information ====================================================
$> hostname; uname -msr
e1z2r8p27.42.us.org
Darwin 17.5.0 x86_64
$> date
Sun Sep  1 12:26:53 PDT 2019
$> gcc --version
Configured with: --prefix=/Library/Developer/CommandLineTools/usr --with-gxx-include-dir=/usr/include/c++/4.2.1
Apple LLVM version 9.1.0 (clang-902.0.39.1)
Target: x86_64-apple-darwin17.5.0
Thread model: posix
InstalledDir: /Library/Developer/CommandLineTools/usr/bin
$> clang --version
Apple LLVM version 9.1.0 (clang-902.0.39.1)
Target: x86_64-apple-darwin17.5.0
Thread model: posix
InstalledDir: /Library/Developer/CommandLineTools/usr/bin

= User files collection ========================================================
Collecting user files from Vogsphere
Repository URL: auto-exam/2019/c-exam-alone-in-the-dark-intermediate/practice-exam_20190901/evjohnst4

= Git history ==================================================================
$> git -C /var/folders/dp/35_mz22d4vz36dw86v_khf3h0000gp/T/tmp54txg8/user log --pretty='%H - %an, %ad : %s'
76b1d402b1297d81cad98aad680802048534ebda - Evan Johnston, Sun Sep 1 12:25:03 2019 -0700 : .
6153cffbdcac87726b41eed525eaf3a09a4c3c83 - Evan Johnston, Sun Sep 1 12:10:51 2019 -0700 : .
caaee494c286184747e828eb10ab13598c4b9682 - Evan Johnston, Sun Sep 1 12:08:49 2019 -0700 : .
f9fa26e2a81f9986f34eadce4e9fdc7f80dbe708 - Evan Johnston, Sun Sep 1 12:06:46 2019 -0700 : .
b1d434fa6a561ebcfa08578891c6cb3ca0444a3d - Evan Johnston, Sun Sep 1 12:04:45 2019 -0700 : .
77de6f7d507957bfb55111982c2c8a51f873c963 - Evan Johnston, Sun Sep 1 12:02:47 2019 -0700 : .
c6c954b31859939b2c6a233ea1cbd2a236fd79d1 - Evan Johnston, Sun Sep 1 12:00:41 2019 -0700 : .
 
= Collected files ==========================================
$> ls -lAR /var/folders/dp/35_mz22d4vz36dw86v_khf3h0000gp/T/tmp54txg8/user
total 8
-rw-r--r--  1 deepthought  deepthought  1672 Sep  1 12:26 __GIT_HISTORY
drwxr-xr-x  3 deepthought  deepthought   102 Sep  1 12:26 ord_alphlong
drwxr-xr-x  3 deepthought  deepthought   102 Sep  1 12:26 perimeter
drwxr-xr-x  3 deepthought  deepthought   102 Sep  1 12:26 print_doublon
drwxr-xr-x  3 deepthought  deepthought   102 Sep  1 12:26 queue

/var/folders/dp/35_mz22d4vz36dw86v_khf3h0000gp/T/tmp54txg8/user/ord_alphlong:
total 8
-rw-r--r--  1 deepthought  deepthought  2201 Sep  1 12:26 ord_alphlong.c

/var/folders/dp/35_mz22d4vz36dw86v_khf3h0000gp/T/tmp54txg8/user/perimeter:
total 8
-rw-r--r--  1 deepthought  deepthought  2255 Sep  1 12:26 perimeter.c

/var/folders/dp/35_mz22d4vz36dw86v_khf3h0000gp/T/tmp54txg8/user/print_doublon:
total 8
-rw-r--r--  1 deepthought  deepthought  719 Sep  1 12:26 print_doublon.c

/var/folders/dp/35_mz22d4vz36dw86v_khf3h0000gp/T/tmp54txg8/user/queue:
total 8
-rw-r--r--  1 deepthought  deepthought  1970 Sep  1 12:26 queue.c
 
= perimeter ====================================================================
$> gcc -Wextra -Wall -Werror main.c perimeter.c -o user_exe 

= Test 1 ===================================================
$> ./lzf3jv0kp8orxegsq9z77eba 0
$> diff -U 3 user_output_test1 test1.output | cat -e

Diff OK :D
= Test 2 ===================================================
$> ./oz69yt995yem4kmv7n7o5waj 1
$> diff -U 3 user_output_test2 test2.output | cat -e

Diff OK :D
= Test 3 ===================================================
$> ./94246tyvctrs5peig5s31qt4 2
$> diff -U 3 user_output_test3 test3.output | cat -e

Diff OK :D
= Test 4 ===================================================
$> ./u051idv18qgca8tqxd2wcfza 106
$> diff -U 3 user_output_test4 test4.output | cat -e

Diff OK :D
= Test 5 ===================================================
$> ./7erx1zold6yz2xtfqudewhzw 4
$> diff -U 3 user_output_test5 test5.output | cat -e

Diff OK :D
= Test 6 ===================================================
$> ./fqoanyiy02f694skxw5ggr5b 5
$> diff -U 3 user_output_test6 test6.output | cat -e

Diff OK :D
= Test 7 ===================================================
$> ./rerh9ayffz3i7u2hkbg6nb55 6
$> diff -U 3 user_output_test7 test7.output | cat -e

Diff OK :D
= Test 8 ===================================================
$> ./z0rt8hmnnmf1fcc6p84wt4h5 7
$> diff -U 3 user_output_test8 test8.output | cat -e

Diff OK :D
= Test 9 ===================================================
$> ./yqj8dluo8xkje4zxgwaqhscs 107
$> diff -U 3 user_output_test9 test9.output | cat -e

Diff OK :D
= Test 10 ==================================================
$> ./6a7zn0non7lhlszhvr3d5n24 9
$> diff -U 3 user_output_test10 test10.output | cat -e

Diff OK :D
= Test 11 ==================================================
$> ./04ymc1c9x369x3h3f5mkfi9j 208
$> diff -U 3 user_output_test11 test11.output | cat -e

Diff OK :D
= Test 12 ==================================================
$> ./qj74ggpwig26i4u8mp8zoz27 421421
$> diff -U 3 user_output_test12 test12.output | cat -e

Diff OK :D
= Test 13 ==================================================
$> ./vvt61gvv34q0z7pb15v2szsk 12
$> diff -U 3 user_output_test13 test13.output | cat -e

Diff OK :D
= Test 14 ==================================================
$> ./7vx8kbwoyq9wbw1tbj9zsha2 13
$> diff -U 3 user_output_test14 test14.output | cat -e

Diff OK :D
= Test 15 ==================================================
$> ./jtel4odsdwfi2k8t342b0r5y 14
$> diff -U 3 user_output_test15 test15.output | cat -e

Diff OK :D
= Test 16 ==================================================
$> ./22wh17fdqtw588059c57lahh 15
$> diff -U 3 user_output_test16 test16.output | cat -e

Diff OK :D
= Test 17 ==================================================
$> ./aj26xrewm5e0kd7uxhlv9i77 1001
$> diff -U 3 user_output_test17 test17.output | cat -e

Diff OK :D
= Test 18 ==================================================
$> ./cs5182diey52mo0gg7stsw16 17
$> diff -U 3 user_output_test18 test18.output | cat -e

Diff OK :D
= Test 19 ==================================================
$> ./3grwpbkty5rd7gv5pn16wemc 47
$> diff -U 3 user_output_test19 test19.output | cat -e

Diff OK :D
= Test 20 ==================================================
$> ./2pg8ameo4scfzeobhjdosn7n 116
$> diff -U 3 user_output_test20 test20.output | cat -e

Diff OK :D
Grade: 1

= Final grade: 1 ===============================================================
