= Host-specific information ====================================================
$> hostname; uname -msr
e1z1r6p12.42.us.org
Darwin 17.5.0 x86_64
$> date
Sun Sep  1 11:39:51 PDT 2019
$> gcc --version
Configured with: --prefix=/Library/Developer/CommandLineTools/usr --with-gxx-include-dir=/usr/include/c++/4.2.1
Apple LLVM version 9.1.0 (clang-902.0.39.1)
Target: x86_64-apple-darwin17.5.0
Thread model: posix
InstalledDir: /Library/Developer/CommandLineTools/usr/bin
$> clang --version
Apple LLVM version 9.1.0 (clang-902.0.39.1)
Target: x86_64-apple-darwin17.5.0
Thread model: posix
InstalledDir: /Library/Developer/CommandLineTools/usr/bin

= User files collection ========================================================
Collecting user files from Vogsphere
Repository URL: auto-exam/2019/c-exam-alone-in-the-dark-intermediate/practice-exam_20190901/evjohnst3

= Git history ==================================================================
$> git -C /var/folders/d3/xj9vjsld5gd1xqzk_b3syp4w0000gp/T/tmpcAHBlx/user log --pretty='%H - %an, %ad : %s'
2a57f305eb0647711797f4d6b36038cfe2b5a05a - Evan Johnston, Sun Sep 1 11:38:02 2019 -0700 : .
 
= Collected files ==========================================
$> ls -lAR /var/folders/d3/xj9vjsld5gd1xqzk_b3syp4w0000gp/T/tmpcAHBlx/user
total 8
-rw-r--r--  1 deepthought  deepthought  233 Sep  1 11:39 __GIT_HISTORY
drwxr-xr-x  3 deepthought  deepthought  102 Sep  1 11:39 equation

/var/folders/d3/xj9vjsld5gd1xqzk_b3syp4w0000gp/T/tmpcAHBlx/user/equation:
total 8
-rw-r--r--  1 deepthought  deepthought  481 Sep  1 11:39 equation.c
 
= equation =====================================================================
$> gcc -Wextra -Wall -Werror equation.c main.c -o user_exe 

= Test 1 ===================================================
$> ./0hxj60udyldyt2e09zlahejw 0
$> diff -U 3 user_output_test1 test1.output | cat -e

Diff OK :D
= Test 2 ===================================================
$> ./kl98bf4y6harzrt6pkpp2ujo 3
$> diff -U 3 user_output_test2 test2.output | cat -e

Diff OK :D
= Test 3 ===================================================
$> ./il7kkawxu0c4dyq3j40sg0p6 31
$> diff -U 3 user_output_test3 test3.output | cat -e

Diff OK :D
= Test 4 ===================================================
$> ./4dmn2ff1lnweyjjacs3pt6rl 42
$> diff -U 3 user_output_test4 test4.output | cat -e

Diff OK :D
= Test 5 ===================================================
$> ./sivx5aluug6du5zlr5ijl1vb 54
$> diff -U 3 user_output_test5 test5.output | cat -e

Diff OK :D
= Test 6 ===================================================
$> ./su5880l03758fz30hq0us6yc 21
$> diff -U 3 user_output_test6 test6.output | cat -e

Diff OK :D
= Test 7 ===================================================
$> ./83sayb54k9l8qncn3bs60kza 111
$> diff -U 3 user_output_test7 test7.output | cat -e

Diff OK :D
= Test 8 ===================================================
$> ./n94j87vvdha4q7cvxkjh7319 133
$> diff -U 3 user_output_test8 test8.output | cat -e

Diff OK :D
= Test 9 ===================================================
$> ./3gbbgnxwcydmx5830zcis65s 198
$> diff -U 3 user_output_test9 test9.output | cat -e

Diff OK :D
Grade: 1

= Final grade: 1 ===============================================================
