= Host-specific information ====================================================
$> hostname; uname -msr
e1z2r2p4.42.us.org
Darwin 17.4.0 x86_64
$> date
Sun Sep  1 12:02:36 PDT 2019
$> gcc --version
Configured with: --prefix=/Library/Developer/CommandLineTools/usr --with-gxx-include-dir=/usr/include/c++/4.2.1
Apple LLVM version 9.1.0 (clang-902.0.39.1)
Target: x86_64-apple-darwin17.4.0
Thread model: posix
InstalledDir: /Library/Developer/CommandLineTools/usr/bin
$> clang --version
Apple LLVM version 9.1.0 (clang-902.0.39.1)
Target: x86_64-apple-darwin17.4.0
Thread model: posix
InstalledDir: /Library/Developer/CommandLineTools/usr/bin

= User files collection ========================================================
Collecting user files from Vogsphere
Repository URL: auto-exam/2019/c-exam-alone-in-the-dark-intermediate/practice-exam_20190901/evjohnst4

= Git history ==================================================================
$> git -C /var/folders/0g/vzkpqwsj7cq0h4xbbh_6801r0000gp/T/tmplD8hmK/user log --pretty='%H - %an, %ad : %s'
c6c954b31859939b2c6a233ea1cbd2a236fd79d1 - Evan Johnston, Sun Sep 1 12:00:41 2019 -0700 : .
 
= Collected files ==========================================
$> ls -lAR /var/folders/0g/vzkpqwsj7cq0h4xbbh_6801r0000gp/T/tmplD8hmK/user
total 8
-rw-r--r--  1 deepthought  deepthought  251 Sep  1 12:02 __GIT_HISTORY
drwxr-xr-x  3 deepthought  deepthought  102 Sep  1 12:02 print_doublon

/var/folders/0g/vzkpqwsj7cq0h4xbbh_6801r0000gp/T/tmplD8hmK/user/print_doublon:
total 8
-rw-r--r--  1 deepthought  deepthought  719 Sep  1 12:02 print_doublon.c
 
= print_doublon ================================================================
$> gcc -Wextra -Wall -Werror print_doublon.c main.c -o user_exe 

= Test 1 ===================================================
$> ./jn28hlnubww6y3upc4fdmuxh test_00_1.txt test_00_2.txt
$> diff -U 3 user_output_test1 test1.output | cat -e

Diff OK :D
= Test 2 ===================================================
$> ./g9st1jly4oy5ecl04rl5bshd test_00_1.txt test_01_2.txt
$> diff -U 3 user_output_test2 test2.output | cat -e

Diff OK :D
= Test 3 ===================================================
$> ./tqgjg8ac0atceyw0zo0o3rch test_02_1.txt test_02_2.txt
$> diff -U 3 user_output_test3 test3.output | cat -e

Diff OK :D
Grade: 1

= Final grade: 1 ===============================================================
